<?xml version="1.0" encoding="UTF-8"?>
<!-- Generated by org.testng.reporters.JUnitXMLReporter -->
<testsuite ignored="0" hostname="DESKTOP-9SVN4AR" failures="1" tests="1" name="Test" time="60.903" errors="0" timestamp="2025-11-07T17:54:18 IST">
  <testcase classname="io.cucumber.testng.AbstractTestNGCucumberTests" name="runScenario" time="56.385">
    <failure type="java.lang.AssertionError" message="null">
      <![CDATA[java.lang.AssertionError: null
at stepDefinations.HealthInsurance.i_provide_pincode_as_mob_num_as_and_click_on_continue_button(HealthInsurance.java:68)
at âœ½.I provide pincode as "412208", mobNum as "8888888888" and click on continue button(file:///C:/Users/ACC/eclipse-workspace/coverfoxTesting/src/test/resources/FeatureFiles/CoverfoxHealthInsurance.feature:7)
... Removed 2 stack frames]]>
    </failure>
  </testcase> <!-- runScenario -->
</testsuite> <!-- Test -->
