<?xml version="1.0" encoding="UTF-8"?>
<testsuite xmlns:xsi="http://www.w3.org/2001/XMLSchema-instance" xsi:noNamespaceSchemaLocation="https://maven.apache.org/surefire/maven-surefire-plugin/xsd/surefire-test-report.xsd" version="3.0.2" name="TestSuite" time="69.511" tests="2" errors="0" skipped="0" failures="0">
  <properties>
[...]
</properties>
  <testcase name="runScenario[&quot;TC01: validate coverfox health insurance for single person&quot;, &quot;Coverfox Health Insurance Test&quot;](1)" classname="runnerPackage.HealthInsuranceRunner" time="36.103">
    <system-out><![CDATA[
&amp#27;[1mScenario:&amp#27;[22m TC01: validate coverfox health insurance for single person                       &amp#27;[90m# file:///C:/Users/ACC/eclipse-workspace/coverfoxTesting/src/test/resources/FeatureFiles/CoverfoxHealthInsurance.feature:2&amp#27;[39m
reading browser and value is  Chrome
setting browser as Chrome
reading url and value is  https://www.coverfox.com/
I am on home page
  &amp#27;[32m✔&amp#27;[39m &amp#27;[32m&amp#27;[1mGiven &amp#27;[22mI am on home page&amp#27;[39m                                                                &amp#27;[90m# stepDefinations.HealthInsurance.i_am_on_home_page()&amp#27;[39m
I click on getstarted button
click on GetStartedButton
  &amp#27;[32m✔&amp#27;[39m &amp#27;[32m&amp#27;[1mWhen &amp#27;[22mI click on getstarted button&amp#27;[39m                                                      &amp#27;[90m# stepDefinations.HealthInsurance.i_click_on_getstarted_button()&amp#27;[39m
I click on next button
click on next Button
  &amp#27;[32m✔&amp#27;[39m &amp#27;[32m&amp#27;[1mAnd &amp#27;[22mI click on next button&amp#27;[39m                                                             &amp#27;[90m# stepDefinations.HealthInsurance.i_click_on_next_button()&amp#27;[39m
I provide age as 34,click on next button
handling drop down, value is  34 years 
click on next button
  &amp#27;[32m✔&amp#27;[39m &amp#27;[32m&amp#27;[1mAnd &amp#27;[22mI provide age as &amp#27;[1m"34"&amp#27;[22m , click on next button&amp#27;[39m                                       &amp#27;[90m# stepDefinations.HealthInsurance.i_provide_age_as_click_on_next_button(java.lang.String)&amp#27;[39m
I provide pincode as 412208,mobNum as 8888888888and click on continue button
entering pincode....value is 412208
entering mobile number....value is 8888888888
clicking on continue button
  &amp#27;[32m✔&amp#27;[39m &amp#27;[32m&amp#27;[1mAnd &amp#27;[22mI provide pincode as &amp#27;[1m"412208"&amp#27;[22m, mobNum as &amp#27;[1m"8888888888"&amp#27;[22m and click on continue button&amp#27;[39m &amp#27;[90m# stepDefinations.HealthInsurance.i_provide_pincode_as_mob_num_as_and_click_on_continue_button(java.lang.String,java.lang.String)&amp#27;[39m
matching health insurance plans should be displayed as 48
fetching matching result
48
actual result is 48
  &amp#27;[32m✔&amp#27;[39m &amp#27;[32m&amp#27;[1mThen &amp#27;[22mmatching health insurance plans should be displayed as &amp#27;[1m"48"&amp#27;[22m&amp#27;[39m                       &amp#27;[90m# stepDefinations.HealthInsurance.matching_health_insurance_plans_should_be_displayed_as(java.lang.String)&amp#27;[39m
closing browser
]]></system-out>
    <system-err><![CDATA[SLF4J(W): No SLF4J providers were found.
SLF4J(W): Defaulting to no-operation (NOP) logger implementation
SLF4J(W): See https://www.slf4j.org/codes.html#noProviders for further details.
Nov 11, 2025 6:39:22 PM org.openqa.selenium.devtools.CdpVersionFinder findNearestMatch
WARNING: Unable to find an exact match for CDP version 142, returning the closest version; found: 140; Please update to a Selenium version that supports CDP version 142
]]></system-err>
  </testcase>
  <testcase name="runScenario[&quot;TC02: Validate CoverFox address details page error messages&quot;, &quot;Coverfox Health Insurance Test&quot;](2)" classname="runnerPackage.HealthInsuranceRunner" time="27.842">
    <system-out><![CDATA[
&amp#27;[1mScenario:&amp#27;[22m TC02: Validate CoverFox address details page error messages &amp#27;[90m# file:///C:/Users/ACC/eclipse-workspace/coverfoxTesting/src/test/resources/FeatureFiles/CoverfoxHealthInsurance.feature:10&amp#27;[39m
reading browser and value is  Chrome
setting browser as Chrome
reading url and value is  https://www.coverfox.com/
I am on home page
  &amp#27;[32m✔&amp#27;[39m &amp#27;[32m&amp#27;[1mGiven &amp#27;[22mI am on home page&amp#27;[39m                                           &amp#27;[90m# stepDefinations.HealthInsurance.i_am_on_home_page()&amp#27;[39m
I click on getstarted button
click on GetStartedButton
  &amp#27;[32m✔&amp#27;[39m &amp#27;[32m&amp#27;[1mWhen &amp#27;[22mI click on getstarted button&amp#27;[39m                                 &amp#27;[90m# stepDefinations.HealthInsurance.i_click_on_getstarted_button()&amp#27;[39m
I click on next button
click on next Button
  &amp#27;[32m✔&amp#27;[39m &amp#27;[32m&amp#27;[1mAnd &amp#27;[22mI click on next button&amp#27;[39m                                        &amp#27;[90m# stepDefinations.HealthInsurance.i_click_on_next_button()&amp#27;[39m
I provide age as 34,click on next button
handling drop down, value is  34 years 
click on next button
  &amp#27;[32m✔&amp#27;[39m &amp#27;[32m&amp#27;[1mAnd &amp#27;[22mI provide age as &amp#27;[1m"34"&amp#27;[22m , click on next button&amp#27;[39m                  &amp#27;[90m# stepDefinations.HealthInsurance.i_provide_age_as_click_on_next_button(java.lang.String)&amp#27;[39m
clicking on continue button
  &amp#27;[32m✔&amp#27;[39m &amp#27;[32m&amp#27;[1mAnd &amp#27;[22mI click on continue button&amp#27;[39m                                    &amp#27;[90m# stepDefinations.HealthInsurance.i_click_on_continue_button()&amp#27;[39m
gettting pincode error msg , msg is [[ChromeDriver: chrome on windows (36346e4988e849bbb63e89925f40a2d2)] -> xpath: //div[contains(text(),'pincode ')]]
getting mobile number error msg , msg is Please enter a valid mobile no.
Pinocode error message is: Please enter a valid pincode
Mobile number error message isPlease enter a valid mobile no.
changes by narendra
  &amp#27;[32m✔&amp#27;[39m &amp#27;[32m&amp#27;[1mThen &amp#27;[22mValidate error messages&amp#27;[39m                                      &amp#27;[90m# stepDefinations.HealthInsurance.validate_error_messages()&amp#27;[39m
closing browser
]]></system-out>
    <system-err><![CDATA[Nov 11, 2025 6:39:57 PM org.openqa.selenium.devtools.CdpVersionFinder findNearestMatch
WARNING: Unable to find an exact match for CDP version 142, returning the closest version; found: 140; Please update to a Selenium version that supports CDP version 142
]]></system-err>
  </testcase>
</testsuite>