<?xml version="1.0" encoding="UTF-8"?>
<testng-results ignored="0" total="1" passed="1" failed="0" skipped="0">
  <reporter-output>
    <line>
      <![CDATA[setting browser as edge]]>
    </line>
    <line>
      <![CDATA[actual result is 48]]>
    </line>
    <line>
      <![CDATA[closing browser]]>
    </line>
  </reporter-output>
  <suite started-at="2025-11-07T18:16:43 IST" name="Suite" finished-at="2025-11-07T18:17:23 IST" duration-ms="39224">
    <groups>
      <group name="cucumber">
        <method signature="AbstractTestNGCucumberTests.runScenario(io.cucumber.testng.PickleWrapper,io.cucumber.testng.FeatureWrapper)[pri:0, instance:runnerPackage.HealthInsuranceRunner@4218d6a3]" name="runScenario" class="io.cucumber.testng.AbstractTestNGCucumberTests"/>
      </group> <!-- cucumber -->
    </groups>
    <test started-at="2025-11-07T18:16:43 IST" name="Test" finished-at="2025-11-07T18:17:23 IST" duration-ms="39224">
      <class name="runnerPackage.HealthInsuranceRunner">
        <test-method is-config="true" signature="setUpClass(org.testng.ITestContext)[pri:0, instance:runnerPackage.HealthInsuranceRunner@4218d6a3]" started-at="2025-11-07T18:16:43 IST" name="setUpClass" finished-at="2025-11-07T18:16:45 IST" duration-ms="1555" status="PASS">
          <params>
            <param index="0">
              <value>
                <![CDATA[org.testng.TestRunner@53c6f96d]]>
              </value>
            </param>
          </params>
          <reporter-output>
          </reporter-output>
        </test-method> <!-- setUpClass -->
        <test-method signature="runScenario(io.cucumber.testng.PickleWrapper,io.cucumber.testng.FeatureWrapper)[pri:0, instance:runnerPackage.HealthInsuranceRunner@4218d6a3]" started-at="2025-11-07T18:16:45 IST" name="runScenario" description="Runs Cucumber Scenarios" data-provider="scenarios" finished-at="2025-11-07T18:17:20 IST" duration-ms="34704" status="PASS">
          <params>
            <param index="0">
              <value>
                <![CDATA["validate coverfox health insurance for single person"]]>
              </value>
            </param>
            <param index="1">
              <value>
                <![CDATA["Coverfox Health Insurance Test"]]>
              </value>
            </param>
          </params>
          <reporter-output>
            <line>
              <![CDATA[setting browser as edge]]>
            </line>
            <line>
              <![CDATA[actual result is 48]]>
            </line>
            <line>
              <![CDATA[closing browser]]>
            </line>
          </reporter-output>
        </test-method> <!-- runScenario -->
        <test-method is-config="true" signature="tearDownClass()[pri:0, instance:runnerPackage.HealthInsuranceRunner@4218d6a3]" started-at="2025-11-07T18:17:20 IST" name="tearDownClass" finished-at="2025-11-07T18:17:23 IST" duration-ms="2849" status="PASS">
          <reporter-output>
          </reporter-output>
        </test-method> <!-- tearDownClass -->
      </class> <!-- runnerPackage.HealthInsuranceRunner -->
    </test> <!-- Test -->
  </suite> <!-- Suite -->
</testng-results>
