<?xml version="1.0" encoding="UTF-8"?>
<!-- Generated by org.testng.reporters.JUnitReportReporter -->
<testsuite hostname="DESKTOP-9SVN4AR" failures="0" tests="2" name="keywords.TestNgAnnotations" time="0.032" errors="0" timestamp="2025-11-06T18:07:26 IST" skipped="0">
  <testcase classname="keywords.TestNgAnnotations" name="z_resultValadation" time="0.015">
    <system-out>
      <![CDATA[z_running result validation new]]>
    </system-out>
  </testcase> <!-- z_resultValadation -->
  <testcase classname="keywords.TestNgAnnotations" name="a_resultValadation" time="0.017">
    <system-out>
      <![CDATA[a_running result validation]]>
    </system-out>
  </testcase> <!-- a_resultValadation -->
  <system-out>
    <![CDATA[before suit running
before test running
test c
providing member details
providing pincode and mobile num
a_running result validation
clearing browser history
providing pincode and mobile num
z_running result validation new
clearing browser history
after test running
after suit running]]>
  </system-out>
</testsuite> <!-- keywords.TestNgAnnotations -->
