<?xml version="1.0" encoding="UTF-8"?>
<!-- Generated by org.testng.reporters.JUnitReportReporter -->
<testsuite hostname="DESKTOP-9SVN4AR" failures="0" tests="2" name="runnerPackage.HealthInsuranceRunner" time="63.188" errors="0" timestamp="2025-11-11T18:36:40 IST" skipped="0">
  <testcase classname="runnerPackage.HealthInsuranceRunner" name="runScenario" time="27.337">
    <system-out>
      <![CDATA[setting browser as Chrome
gettting pincode error msg , msg is [[ChromeDriver: chrome on windows (d359e728c8b6121e66ae442c9df59138)] -> xpath: //div[contains(text(),'pincode ')]]
getting mobile number error msg , msg is Please enter a valid mobile no.
Pinocode error message is: Please enter a valid pincode
Mobile number error message isPlease enter a valid mobile no.
changes by narendra
closing browser]]>
    </system-out>
  </testcase> <!-- runScenario -->
  <testcase classname="runnerPackage.HealthInsuranceRunner" name="runScenario" time="35.851">
    <system-out>
      <![CDATA[setting browser as Chrome
actual result is 48
closing browser]]>
    </system-out>
  </testcase> <!-- runScenario -->
  <system-out>
    <![CDATA[setting browser as Chrome
actual result is 48
closing browser
setting browser as Chrome
gettting pincode error msg , msg is [[ChromeDriver: chrome on windows (d359e728c8b6121e66ae442c9df59138)] -> xpath: //div[contains(text(),'pincode ')]]
getting mobile number error msg , msg is Please enter a valid mobile no.
Pinocode error message is: Please enter a valid pincode
Mobile number error message isPlease enter a valid mobile no.
changes by narendra
closing browser]]>
  </system-out>
</testsuite> <!-- runnerPackage.HealthInsuranceRunner -->
