<?xml version="1.0" encoding="UTF-8"?>
<!-- Generated by org.testng.reporters.JUnitReportReporter -->
<testsuite hostname="DESKTOP-9SVN4AR" failures="1" tests="1" name="runnerPackage.HealthInsuranceRunner" time="56.385" errors="0" timestamp="2025-11-07T17:54:19 IST" skipped="0">
  <testcase classname="runnerPackage.HealthInsuranceRunner" name="runScenario" time="56.385">
    <failure message="null" type="java.lang.AssertionError">
      <![CDATA[java.lang.AssertionError: null
at org.testng.Assert.fail(Assert.java:111)
at org.testng.Assert.fail(Assert.java:116)
at stepDefinations.HealthInsurance.i_provide_pincode_as_mob_num_as_and_click_on_continue_button(HealthInsurance.java:68)
at âœ½.I provide pincode as "412208", mobNum as "8888888888" and click on continue button(file:///C:/Users/ACC/eclipse-workspace/coverfoxTesting/src/test/resources/FeatureFiles/CoverfoxHealthInsurance.feature:7)
]]>
    </failure>
    <system-out>
      <![CDATA[setting browser as edge
taking ScreenShot
closing browser]]>
    </system-out>
  </testcase> <!-- runScenario -->
  <system-out>
    <![CDATA[setting browser as edge
taking ScreenShot
closing browser]]>
  </system-out>
</testsuite> <!-- runnerPackage.HealthInsuranceRunner -->
