<?xml version="1.0" encoding="UTF-8"?>
<!-- Generated by org.testng.reporters.JUnitReportReporter -->
<testsuite hostname="DESKTOP-9SVN4AR" failures="0" tests="1" name="runnerPackage.HealthInsuranceRunner" time="34.704" errors="0" timestamp="2025-11-07T18:17:23 IST" skipped="0">
  <testcase classname="runnerPackage.HealthInsuranceRunner" name="runScenario" time="34.704">
    <system-out>
      <![CDATA[setting browser as edge
actual result is 48
closing browser]]>
    </system-out>
  </testcase> <!-- runScenario -->
  <system-out>
    <![CDATA[setting browser as edge
actual result is 48
closing browser]]>
  </system-out>
</testsuite> <!-- runnerPackage.HealthInsuranceRunner -->
