<?xml version="1.0" encoding="UTF-8"?>
<!-- Generated by org.testng.reporters.JUnitReportReporter -->
<testsuite hostname="DESKTOP-9SVN4AR" failures="0" tests="2" name="runnerPackage.HealthInsuranceRunner" time="63.947" errors="0" timestamp="2025-11-11T18:40:25 IST" skipped="0">
  <testcase classname="runnerPackage.HealthInsuranceRunner" name="runScenario" time="27.846">
    <system-out>
      <![CDATA[setting browser as Chrome
gettting pincode error msg , msg is [[ChromeDriver: chrome on windows (36346e4988e849bbb63e89925f40a2d2)] -> xpath: //div[contains(text(),'pincode ')]]
getting mobile number error msg , msg is Please enter a valid mobile no.
Pinocode error message is: Please enter a valid pincode
Mobile number error message isPlease enter a valid mobile no.
changes by narendra
closing browser]]>
    </system-out>
  </testcase> <!-- runScenario -->
  <testcase classname="runnerPackage.HealthInsuranceRunner" name="runScenario" time="36.101">
    <system-out>
      <![CDATA[setting browser as Chrome
actual result is 48
closing browser]]>
    </system-out>
  </testcase> <!-- runScenario -->
  <system-out>
    <![CDATA[setting browser as Chrome
actual result is 48
closing browser
setting browser as Chrome
gettting pincode error msg , msg is [[ChromeDriver: chrome on windows (36346e4988e849bbb63e89925f40a2d2)] -> xpath: //div[contains(text(),'pincode ')]]
getting mobile number error msg , msg is Please enter a valid mobile no.
Pinocode error message is: Please enter a valid pincode
Mobile number error message isPlease enter a valid mobile no.
changes by narendra
closing browser]]>
  </system-out>
</testsuite> <!-- runnerPackage.HealthInsuranceRunner -->
